<?xml version="1.0" encoding="UTF-8"?>
<!-- Generated by org.testng.reporters.JUnitXMLReporter -->
<testsuite ignored="1" hostname="DEV-SHAILESH" failures="0" tests="17" name="Entrata Automation Test" time="10.315" errors="0" timestamp="2024-03-03T11:54:43 CET">
  <testcase classname="com.entrata.testcases.HomePageTest" name="verifyOpenEntrataHomePageTest" time="0.872"/>
  <testcase classname="com.entrata.testcases.HomePageTest" name="verifyEntrataProductsRangeTest" time="1.216"/>
  <testcase classname="com.entrata.testcases.HomePageTest" name="verifyEntrataPropertyManagementProductsTest" time="0.23"/>
  <testcase classname="com.entrata.testcases.HomePageTest" name="verifyEntrataMarketingAndLeasingProductsTest" time="0.259"/>
  <testcase classname="com.entrata.testcases.HomePageTest" name="verifyEntrataAccountingProductsTest" time="0.084"/>
  <testcase classname="com.entrata.testcases.HomePageTest" name="verifyEntrataUtilitiesProductsTest" time="0.123"/>
  <testcase classname="com.entrata.testcases.HomePageTest" name="verifyEntrataAllSolutionsTest" time="0.403"/>
  <testcase classname="com.entrata.testcases.TakeTheTourPageTest" name="verifyEntrataTakeTheTourButtonTest" time="3.102"/>
  <testcase classname="com.entrata.testcases.TakeTheTourPageTest" name="verifyFirstNameTextFieldTest" time="0.254"/>
  <testcase classname="com.entrata.testcases.TakeTheTourPageTest" name="verifyLastNameTextFieldTest" time="0.321"/>
  <testcase classname="com.entrata.testcases.TakeTheTourPageTest" name="verifyEmailTextFieldTest" time="0.241"/>
  <testcase classname="com.entrata.testcases.TakeTheTourPageTest" name="verifyCompanyNameFieldTest" time="0.191"/>
  <testcase classname="com.entrata.testcases.TakeTheTourPageTest" name="verifyPhoneFieldTest" time="0.221"/>
  <testcase classname="com.entrata.testcases.TakeTheTourPageTest" name="verifyUnitCountDropdownFieldTest" time="0.544"/>
  <testcase classname="com.entrata.testcases.TakeTheTourPageTest" name="verifyTitleFieldTest" time="0.304"/>
  <testcase classname="com.entrata.testcases.TakeTheTourPageTest" name="verifydemoRequestDropdownFieldTest" time="0.338"/>
  <testcase classname="com.entrata.testcases.TakeTheTourPageTest" name="verifyWatchDemoButtonTest" time="0.177"/>
  <testcase classname="com.entrata.testcases.HomePageTest" name="verifyBrokenLinks" time="0.0">
    <ignored/>
  </testcase> <!-- verifyBrokenLinks -->
</testsuite> <!-- Entrata Automation Test -->
